<?xml version="1.0" encoding="UTF-8"?>
<!-- Generated by org.testng.reporters.JUnitReportReporter -->
<testsuite skipped="0" hostname="BDC3-LX-6440BKD" name="Test2.TestNGusage" tests="2" failures="0" timestamp="06 Aug 2018 07:56:46 GMT" time="26.187" errors="0">
  <testcase name="toursite" time="17.482" classname="Test2.TestNGusage"/>
  <testcase name="Google" time="8.705" classname="Test2.TestNGusage"/>
</testsuite> <!-- Test2.TestNGusage -->
