<?xml version="1.0" encoding="UTF-8"?>
<!-- Generated by org.testng.reporters.JUnitReportReporter -->
<testsuite skipped="0" hostname="BDC3-LX-6440BKD" name="Test2.Chrometest" tests="1" failures="0" timestamp="03 Aug 2018 06:46:27 GMT" time="11.243" errors="0">
  <testcase name="register" time="11.243" classname="Test2.Chrometest"/>
</testsuite> <!-- Test2.Chrometest -->
