<?xml version="1.0" encoding="UTF-8"?>
<!-- Generated by org.testng.reporters.JUnitReportReporter -->
<testsuite skipped="0" hostname="BDC3-LX-6440BKD" name="Test2.Sample1" tests="1" failures="0" timestamp="06 Aug 2018 06:20:06 GMT" time="15.708" errors="0">
  <testcase name="OpenGoogle" time="15.708" classname="Test2.Sample1"/>
</testsuite> <!-- Test2.Sample1 -->
