<?xml version="1.0" encoding="UTF-8"?>
<!-- Generated by org.testng.reporters.JUnitReportReporter -->
<testsuite skipped="0" hostname="BDC3-LX-6440BKD" name="Test2.NewTestNG" tests="1" failures="0" timestamp="06 Aug 2018 06:30:59 GMT" time="0.023" errors="0">
  <testcase name="f" time="0.023" classname="Test2.NewTestNG"/>
</testsuite> <!-- Test2.NewTestNG -->
