<?xml version="1.0" encoding="UTF-8"?>
<!-- Generated by org.testng.reporters.JUnitReportReporter -->
<testsuite skipped="0" hostname="BDC3-LX-6440BKD" name="Test2.Day6test4" tests="1" failures="0" timestamp="21 Aug 2018 07:16:16 GMT" time="8.200" errors="0">
  <testcase name="testLogin" time="8.200" classname="Test2.Day6test4"/>
</testsuite> <!-- Test2.Day6test4 -->
