<?xml version="1.0" encoding="UTF-8"?>
<!-- Generated by org.testng.reporters.JUnitReportReporter -->
<testsuite skipped="0" hostname="BDC3-LX-6440BKD" name="Test2.NewTestNG2" tests="2" failures="0" timestamp="06 Aug 2018 06:54:04 GMT" time="0.035" errors="0">
  <testcase name="Testinggoogle" time="0.003" classname="Test2.NewTestNG2"/>
  <testcase name="Testinggoogle" time="0.032" classname="Test2.NewTestNG2"/>
</testsuite> <!-- Test2.NewTestNG2 -->
